BExplorerLib API / BExplorer changes log

Version 2.16.1h:
• New application info interface implemented

Version 2.16u:
• Application namespace, icon and development environment have been unified;
• Localization system unified;
• English language added for all messages in main executable; DLL awaits translation;
• Placement of 'carcols.dat' now can be specified manually;
• Application sources have been seriously reviewed and improved;
• Text tips have been updated

Version 2.15:
• Fixed car generators misapplying when quick save option used;
• Options that may be unsafe before full game completion will be locked now;
• Some code and API improvements applied

Version 2.14:
• Added support for 'bomb type' value for cars stored in player's garages;
• Added quick load and quick save for B files stored in default directory (GTA Vice City User Files);
• Added quick reset for recommended parameters: date and time, police stars, current armor and weather

Version 2.13:
• First public release with minimum functionality
